<?xml version="1.0" encoding="UTF-8"?>
<beans xmlns="http://www.springframework.org/schema/beans"
	xmlns:s="http://www.springframework.org/schema/security"
    xmlns:xsi="http://www.w3.org/2001/XMLSchema-instance"
    xmlns:context="http://www.springframework.org/schema/context"
    xmlns:aop="http://www.springframework.org/schema/aop"
    xmlns:flex="http://www.springframework.org/schema/flex" 
xsi:schemaLocation="http://www.springframework.org/schema/beans http://www.springframework.org/schema/beans/spring-beans-2.5.xsd
        http://www.springframework.org/schema/context http://www.springframework.org/schema/context/spring-context-2.5.xsd
        http://www.springframework.org/schema/aop http://www.springframework.org/schema/aop/spring-aop-2.5.xsd
		http://www.springframework.org/schema/security http://www.springframework.org/schema/security/spring-security-2.0.1.xsd
		http://www.springframework.org/schema/flex http://www.springframework.org/schema/flex/spring-flex-1.0.xsd">

	<context:annotation-config/>
	
	
	<import resource="classpath:spring-config.xml"/>
	
	<bean id="transactionManager" class="org.springframework.orm.jpa.JpaTransactionManager">
	    <property name="entityManagerFactory" ref="myEmf"/>
	  </bean>
	
	<bean id="myEmf" class="org.springframework.orm.jpa.LocalContainerEntityManagerFactoryBean">
	  <property name="loadTimeWeaver">
	    <bean class="org.springframework.instrument.classloading.InstrumentationLoadTimeWeaver"/>
	  </property>
	  <property name="persistenceXmlLocation">
	    <value>/META-INF/test-persistence.xml</value>
	  </property>
	 </bean>
 
</beans>
    